#
# There is insufficient memory for the Java Runtime Environment to continue.
# Native memory allocation (mmap) failed to map 111149056 bytes for G1 virtual space
# Possible reasons:
#   The system is out of physical RAM or swap space
#   The process is running with CompressedOops enabled, and the Java Heap may be blocking the growth of the native heap
# Possible solutions:
#   Reduce memory load on the system
#   Increase physical memory or swap space
#   Check if swap backing store is full
#   Decrease Java heap size (-Xmx/-Xms)
#   Decrease number of Java threads
#   Decrease Java thread stack sizes (-Xss)
#   Set larger code cache with -XX:ReservedCodeCacheSize=
#   JVM is running with Unscaled Compressed Oops mode in which the Java heap is
#     placed in the first 4GB address space. The Java Heap base address is the
#     maximum limit for the native heap growth. Please use -XX:HeapBaseMinAddress
#     to set the Java Heap base and to place the Java Heap above 4GB virtual address.
# This output file may be truncated or incomplete.
#
#  Out of Memory Error (os_windows.cpp:3548), pid=23596, tid=30244
#
# JRE version: Java(TM) SE Runtime Environment (17.0.12+8) (build 17.0.12+8-LTS-286)
# Java VM: Java HotSpot(TM) 64-Bit Server VM (17.0.12+8-LTS-286, mixed mode, sharing, tiered, compressed oops, compressed class ptrs, g1 gc, windows-amd64)
# No core dump will be written. Minidumps are not enabled by default on client versions of Windows
#

---------------  S U M M A R Y ------------

Command Line: org.jetbrains.kotlin.cli.jvm.K2JVMCompiler @C:\Users\RAHUL SINGH\Desktop\Fingaurd\node_modules\react-native-video\android\buildOutput_a15d4dee7fc4eda61b91308cbb6a2e72\20250819_15995825497121821404.compiler.options

Host: 11th Gen Intel(R) Core(TM) i3-1125G4 @ 2.00GHz, 8 cores, 7G,  Windows 11 , 64 bit Build 26100 (10.0.26100.4768)
Time: Tue Aug 19 04:32:59 2025 India Standard Time elapsed time: 49.233097 seconds (0d 0h 0m 49s)

---------------  T H R E A D  ---------------

Current thread (0x0000018b7e116ef0):  VMThread "VM Thread" [stack: 0x0000007ce4b00000,0x0000007ce4c00000] [id=30244]

Stack: [0x0000007ce4b00000,0x0000007ce4c00000]
Native frames: (J=compiled Java code, j=interpreted, Vv=VM code, C=native code)
V  [jvm.dll+0x67a04a]
V  [jvm.dll+0x7da4ed]
V  [jvm.dll+0x7dbe33]
V  [jvm.dll+0x7dc4a3]
V  [jvm.dll+0x24508f]
V  [jvm.dll+0x677089]
V  [jvm.dll+0x66bd32]
V  [jvm.dll+0x301fa6]
V  [jvm.dll+0x309546]
V  [jvm.dll+0x359d2e]
V  [jvm.dll+0x359f5f]
V  [jvm.dll+0x2d9078]
V  [jvm.dll+0x2d74ad]
V  [jvm.dll+0x2d6afc]
V  [jvm.dll+0x31a65b]
V  [jvm.dll+0x7e0d9b]
V  [jvm.dll+0x7e1ad4]
V  [jvm.dll+0x7e1fed]
V  [jvm.dll+0x7e23c4]
V  [jvm.dll+0x7e2490]
V  [jvm.dll+0x78abea]
V  [jvm.dll+0x678f35]
C  [ucrtbase.dll+0x37b0]
C  [KERNEL32.DLL+0x2e8d7]
C  [ntdll.dll+0x3c34c]

VM_Operation (0x0000007ce45fa0f0): G1CollectForAllocation, mode: safepoint, requested by thread 0x0000018b6f25bde0


---------------  P R O C E S S  ---------------

Threads class SMR info:
_java_thread_list=0x0000018b5a222af0, length=13, elements={
0x0000018b6f25bde0, 0x0000018b7e11dbb0, 0x0000018b7e11f0e0, 0x0000018b7e139f30,
0x0000018b7e13a800, 0x0000018b7e13b1c0, 0x0000018b7e13ddd0, 0x0000018b7e13eb70,
0x0000018b7e141850, 0x0000018b7e144ce0, 0x0000018b7e388ca0, 0x0000018b7e3975f0,
0x0000018b54a2a8f0
}

Java Threads: ( => current thread )
  0x0000018b6f25bde0 JavaThread "main" [_thread_blocked, id=14764, stack(0x0000007ce4500000,0x0000007ce4600000)]
  0x0000018b7e11dbb0 JavaThread "Reference Handler" daemon [_thread_blocked, id=8944, stack(0x0000007ce4c00000,0x0000007ce4d00000)]
  0x0000018b7e11f0e0 JavaThread "Finalizer" daemon [_thread_blocked, id=28708, stack(0x0000007ce4d00000,0x0000007ce4e00000)]
  0x0000018b7e139f30 JavaThread "Signal Dispatcher" daemon [_thread_blocked, id=29416, stack(0x0000007ce4e00000,0x0000007ce4f00000)]
  0x0000018b7e13a800 JavaThread "Attach Listener" daemon [_thread_blocked, id=2008, stack(0x0000007ce4f00000,0x0000007ce5000000)]
  0x0000018b7e13b1c0 JavaThread "Service Thread" daemon [_thread_blocked, id=12860, stack(0x0000007ce5000000,0x0000007ce5100000)]
  0x0000018b7e13ddd0 JavaThread "Monitor Deflation Thread" daemon [_thread_blocked, id=13844, stack(0x0000007ce5100000,0x0000007ce5200000)]
  0x0000018b7e13eb70 JavaThread "C2 CompilerThread0" daemon [_thread_blocked, id=5040, stack(0x0000007ce5200000,0x0000007ce5300000)]
  0x0000018b7e141850 JavaThread "C1 CompilerThread0" daemon [_thread_blocked, id=29964, stack(0x0000007ce5300000,0x0000007ce5400000)]
  0x0000018b7e144ce0 JavaThread "Sweeper thread" daemon [_thread_blocked, id=13052, stack(0x0000007ce5400000,0x0000007ce5500000)]
  0x0000018b7e388ca0 JavaThread "Notification Thread" daemon [_thread_blocked, id=1820, stack(0x0000007ce5500000,0x0000007ce5600000)]
  0x0000018b7e3975f0 JavaThread "Common-Cleaner" daemon [_thread_blocked, id=20668, stack(0x0000007ce5700000,0x0000007ce5800000)]
  0x0000018b54a2a8f0 JavaThread "C2 CompilerThread1" daemon [_thread_blocked, id=6704, stack(0x0000007ce6000000,0x0000007ce6100000)]

Other Threads:
=>0x0000018b7e116ef0 VMThread "VM Thread" [stack: 0x0000007ce4b00000,0x0000007ce4c00000] [id=30244]
  0x0000018b7e38f1a0 WatcherThread [stack: 0x0000007ce5600000,0x0000007ce5700000] [id=24068]
  0x0000018b6f2b2440 GCTaskThread "GC Thread#0" [stack: 0x0000007ce4600000,0x0000007ce4700000] [id=1032]
  0x0000018b7e8c7090 GCTaskThread "GC Thread#1" [stack: 0x0000007ce5800000,0x0000007ce5900000] [id=30356]
  0x0000018b7e903950 GCTaskThread "GC Thread#2" [stack: 0x0000007ce5900000,0x0000007ce5a00000] [id=11808]
  0x0000018b7e903c10 GCTaskThread "GC Thread#3" [stack: 0x0000007ce5a00000,0x0000007ce5b00000] [id=6488]
  0x0000018b7e8f7d70 GCTaskThread "GC Thread#4" [stack: 0x0000007ce5b00000,0x0000007ce5c00000] [id=31408]
  0x0000018b7e8f8030 GCTaskThread "GC Thread#5" [stack: 0x0000007ce5c00000,0x0000007ce5d00000] [id=29592]
  0x0000018b7ed0dcf0 GCTaskThread "GC Thread#6" [stack: 0x0000007ce5d00000,0x0000007ce5e00000] [id=9496]
  0x0000018b54c23830 GCTaskThread "GC Thread#7" [stack: 0x0000007ce5e00000,0x0000007ce5f00000] [id=26984]
  0x0000018b6f2c47a0 ConcurrentGCThread "G1 Main Marker" [stack: 0x0000007ce4700000,0x0000007ce4800000] [id=9532]
  0x0000018b6f2c60c0 ConcurrentGCThread "G1 Conc#0" [stack: 0x0000007ce4800000,0x0000007ce4900000] [id=19420]
  0x0000018b54df7e70 ConcurrentGCThread "G1 Conc#1" [stack: 0x0000007ce6100000,0x0000007ce6200000] [id=31212]
  0x0000018b6f31e420 ConcurrentGCThread "G1 Refine#0" [stack: 0x0000007ce4900000,0x0000007ce4a00000] [id=22828]
  0x0000018b54e43100 ConcurrentGCThread "G1 Refine#1" [stack: 0x0000007ce5f00000,0x0000007ce6000000] [id=22656]
  0x0000018b54f4f6d0 ConcurrentGCThread "G1 Refine#2" [stack: 0x0000007ce6200000,0x0000007ce6300000] [id=31224]
  0x0000018b7dfc20b0 ConcurrentGCThread "G1 Service" [stack: 0x0000007ce4a00000,0x0000007ce4b00000] [id=30892]

Threads with active compile tasks:
C2 CompilerThread0    49303 10626       4       org.jetbrains.kotlin.fir.resolve.substitution.AbstractConeSubstitutor::substituteOrNull (442 bytes)
C2 CompilerThread1    49303 10567       4       org.jetbrains.kotlin.types.AbstractNullabilityChecker::hasNotNullSupertype (401 bytes)

VM state: at safepoint (normal execution)

VM Mutex/Monitor currently owned by a thread:  ([mutex/lock_event])
[0x0000018b6f257880] Threads_lock - owner thread: 0x0000018b7e116ef0
[0x0000018b6f257fd0] Heap_lock - owner thread: 0x0000018b6f25bde0

Heap address: 0x0000000085800000, size: 1960 MB, Compressed Oops mode: 32-bit

CDS archive(s) mapped at: [0x0000018b0f000000-0x0000018b0fbd0000-0x0000018b0fbd0000), size 12386304, SharedBaseAddress: 0x0000018b0f000000, ArchiveRelocationMode: 1.
Compressed class space mapped at: 0x0000018b10000000-0x0000018b50000000, reserved size: 1073741824
Narrow klass base: 0x0000018b0f000000, Narrow klass shift: 0, Narrow klass range: 0x100000000

GC Precious Log:
 CPUs: 8 total, 8 available
 Memory: 7834M
 Large Page Support: Disabled
 NUMA Support: Disabled
 Compressed Oops: Enabled (32-bit)
 Heap Region Size: 1M
 Heap Min Capacity: 8M
 Heap Initial Capacity: 124M
 Heap Max Capacity: 1960M
 Pre-touch: Disabled
 Parallel Workers: 8
 Concurrent Workers: 2
 Concurrent Refinement Workers: 8
 Periodic GC: Disabled

Heap:
 garbage-first heap   total 126976K, used 83557K [0x0000000085800000, 0x0000000100000000)
  region size 1024K, 2 young (2048K), 2 survivors (2048K)
 Metaspace       used 55390K, committed 55744K, reserved 1114112K
  class space    used 6253K, committed 6400K, reserved 1048576K

Heap Regions: E=young(eden), S=young(survivor), O=old, HS=humongous(starts), HC=humongous(continues), CS=collection set, F=free, OA=open archive, CA=closed archive, TAMS=top-at-mark-start (previous, next)
|   0|0x0000000085800000, 0x0000000085900000, 0x0000000085900000|100%|HS|  |TAMS 0x0000000085900000, 0x0000000085800000| Complete 
|   1|0x0000000085900000, 0x0000000085a00000, 0x0000000085a00000|100%|HC|  |TAMS 0x0000000085a00000, 0x0000000085900000| Complete 
|   2|0x0000000085a00000, 0x0000000085b00000, 0x0000000085b00000|100%|HC|  |TAMS 0x0000000085b00000, 0x0000000085a00000| Complete 
|   3|0x0000000085b00000, 0x0000000085c00000, 0x0000000085c00000|100%| O|  |TAMS 0x0000000085c00000, 0x0000000085b00000| Untracked 
|   4|0x0000000085c00000, 0x0000000085d00000, 0x0000000085d00000|100%| O|  |TAMS 0x0000000085d00000, 0x0000000085c00000| Untracked 
|   5|0x0000000085d00000, 0x0000000085e00000, 0x0000000085e00000|100%| O|  |TAMS 0x0000000085e00000, 0x0000000085d00000| Untracked 
|   6|0x0000000085e00000, 0x0000000085f00000, 0x0000000085f00000|100%| O|  |TAMS 0x0000000085f00000, 0x0000000085e00000| Untracked 
|   7|0x0000000085f00000, 0x0000000086000000, 0x0000000086000000|100%| O|  |TAMS 0x0000000086000000, 0x0000000085f00000| Untracked 
|   8|0x0000000086000000, 0x0000000086100000, 0x0000000086100000|100%| O|  |TAMS 0x0000000086100000, 0x0000000086000000| Untracked 
|   9|0x0000000086100000, 0x0000000086200000, 0x0000000086200000|100%| O|  |TAMS 0x0000000086200000, 0x0000000086100000| Untracked 
|  10|0x0000000086200000, 0x0000000086300000, 0x0000000086300000|100%| O|  |TAMS 0x0000000086300000, 0x0000000086200000| Untracked 
|  11|0x0000000086300000, 0x0000000086400000, 0x0000000086400000|100%| O|  |TAMS 0x0000000086400000, 0x0000000086300000| Untracked 
|  12|0x0000000086400000, 0x0000000086500000, 0x0000000086500000|100%| O|  |TAMS 0x0000000086500000, 0x0000000086400000| Untracked 
|  13|0x0000000086500000, 0x0000000086600000, 0x0000000086600000|100%| O|  |TAMS 0x0000000086600000, 0x0000000086500000| Untracked 
|  14|0x0000000086600000, 0x0000000086700000, 0x0000000086700000|100%| O|  |TAMS 0x0000000086700000, 0x0000000086600000| Untracked 
|  15|0x0000000086700000, 0x0000000086800000, 0x0000000086800000|100%| O|  |TAMS 0x0000000086800000, 0x0000000086700000| Untracked 
|  16|0x0000000086800000, 0x0000000086900000, 0x0000000086900000|100%| O|  |TAMS 0x0000000086900000, 0x0000000086800000| Untracked 
|  17|0x0000000086900000, 0x0000000086a00000, 0x0000000086a00000|100%| O|  |TAMS 0x0000000086a00000, 0x0000000086900000| Untracked 
|  18|0x0000000086a00000, 0x0000000086b00000, 0x0000000086b00000|100%| O|  |TAMS 0x0000000086b00000, 0x0000000086a00000| Untracked 
|  19|0x0000000086b00000, 0x0000000086c00000, 0x0000000086c00000|100%| O|  |TAMS 0x0000000086c00000, 0x0000000086b00000| Untracked 
|  20|0x0000000086c00000, 0x0000000086d00000, 0x0000000086d00000|100%| O|  |TAMS 0x0000000086d00000, 0x0000000086c00000| Untracked 
|  21|0x0000000086d00000, 0x0000000086e00000, 0x0000000086e00000|100%| O|  |TAMS 0x0000000086e00000, 0x0000000086d00000| Untracked 
|  22|0x0000000086e00000, 0x0000000086f00000, 0x0000000086f00000|100%| O|  |TAMS 0x0000000086f00000, 0x0000000086e00000| Untracked 
|  23|0x0000000086f00000, 0x0000000087000000, 0x0000000087000000|100%| O|  |TAMS 0x0000000087000000, 0x0000000086f00000| Untracked 
|  24|0x0000000087000000, 0x0000000087100000, 0x0000000087100000|100%| O|  |TAMS 0x0000000087100000, 0x0000000087000000| Untracked 
|  25|0x0000000087100000, 0x0000000087200000, 0x0000000087200000|100%| O|  |TAMS 0x0000000087200000, 0x0000000087100000| Untracked 
|  26|0x0000000087200000, 0x0000000087300000, 0x0000000087300000|100%| O|  |TAMS 0x0000000087300000, 0x0000000087200000| Untracked 
|  27|0x0000000087300000, 0x0000000087400000, 0x0000000087400000|100%| O|  |TAMS 0x0000000087400000, 0x0000000087300000| Untracked 
|  28|0x0000000087400000, 0x0000000087500000, 0x0000000087500000|100%| O|  |TAMS 0x0000000087500000, 0x0000000087400000| Untracked 
|  29|0x0000000087500000, 0x0000000087600000, 0x0000000087600000|100%| O|  |TAMS 0x0000000087600000, 0x0000000087500000| Untracked 
|  30|0x0000000087600000, 0x0000000087700000, 0x0000000087700000|100%| O|  |TAMS 0x0000000087700000, 0x0000000087600000| Untracked 
|  31|0x0000000087700000, 0x0000000087800000, 0x0000000087800000|100%| O|  |TAMS 0x0000000087800000, 0x0000000087700000| Untracked 
|  32|0x0000000087800000, 0x0000000087900000, 0x0000000087900000|100%| O|  |TAMS 0x0000000087900000, 0x0000000087800000| Untracked 
|  33|0x0000000087900000, 0x0000000087a00000, 0x0000000087a00000|100%| O|  |TAMS 0x0000000087a00000, 0x0000000087900000| Untracked 
|  34|0x0000000087a00000, 0x0000000087b00000, 0x0000000087b00000|100%| O|  |TAMS 0x0000000087b00000, 0x0000000087a00000| Untracked 
|  35|0x0000000087b00000, 0x0000000087c00000, 0x0000000087c00000|100%| O|  |TAMS 0x0000000087c00000, 0x0000000087b00000| Untracked 
|  36|0x0000000087c00000, 0x0000000087d00000, 0x0000000087d00000|100%| O|  |TAMS 0x0000000087c00000, 0x0000000087c00000| Untracked 
|  37|0x0000000087d00000, 0x0000000087e00000, 0x0000000087e00000|100%| O|  |TAMS 0x0000000087e00000, 0x0000000087d00000| Untracked 
|  38|0x0000000087e00000, 0x0000000087f00000, 0x0000000087f00000|100%| O|  |TAMS 0x0000000087f00000, 0x0000000087e00000| Untracked 
|  39|0x0000000087f00000, 0x0000000088000000, 0x0000000088000000|100%| O|  |TAMS 0x0000000088000000, 0x0000000087f00000| Untracked 
|  40|0x0000000088000000, 0x0000000088100000, 0x0000000088100000|100%| O|  |TAMS 0x0000000088100000, 0x0000000088000000| Untracked 
|  41|0x0000000088100000, 0x0000000088200000, 0x0000000088200000|100%| O|  |TAMS 0x0000000088200000, 0x0000000088100000| Untracked 
|  42|0x0000000088200000, 0x0000000088300000, 0x0000000088300000|100%| O|  |TAMS 0x0000000088300000, 0x0000000088200000| Untracked 
|  43|0x0000000088300000, 0x0000000088400000, 0x0000000088400000|100%| O|  |TAMS 0x0000000088400000, 0x0000000088300000| Untracked 
|  44|0x0000000088400000, 0x0000000088500000, 0x0000000088500000|100%| O|  |TAMS 0x0000000088500000, 0x0000000088400000| Untracked 
|  45|0x0000000088500000, 0x0000000088600000, 0x0000000088600000|100%| O|  |TAMS 0x0000000088600000, 0x0000000088500000| Untracked 
|  46|0x0000000088600000, 0x0000000088700000, 0x0000000088700000|100%| O|  |TAMS 0x0000000088600000, 0x0000000088600000| Untracked 
|  47|0x0000000088700000, 0x0000000088800000, 0x0000000088800000|100%| O|  |TAMS 0x0000000088800000, 0x0000000088700000| Untracked 
|  48|0x0000000088800000, 0x0000000088900000, 0x0000000088900000|100%| O|  |TAMS 0x0000000088900000, 0x0000000088800000| Untracked 
|  49|0x0000000088900000, 0x0000000088a00000, 0x0000000088a00000|100%| O|  |TAMS 0x0000000088a00000, 0x0000000088900000| Untracked 
|  50|0x0000000088a00000, 0x0000000088b00000, 0x0000000088b00000|100%| O|  |TAMS 0x0000000088b00000, 0x0000000088a00000| Untracked 
|  51|0x0000000088b00000, 0x0000000088c00000, 0x0000000088c00000|100%| O|  |TAMS 0x0000000088c00000, 0x0000000088b00000| Untracked 
|  52|0x0000000088c00000, 0x0000000088d00000, 0x0000000088d00000|100%| O|  |TAMS 0x0000000088d00000, 0x0000000088c00000| Untracked 
|  53|0x0000000088d00000, 0x0000000088e00000, 0x0000000088e00000|100%| O|  |TAMS 0x0000000088e00000, 0x0000000088d00000| Untracked 
|  54|0x0000000088e00000, 0x0000000088f00000, 0x0000000088f00000|100%| O|  |TAMS 0x0000000088f00000, 0x0000000088e00000| Untracked 
|  55|0x0000000088f00000, 0x0000000089000000, 0x0000000089000000|100%| O|  |TAMS 0x0000000089000000, 0x0000000088f00000| Untracked 
|  56|0x0000000089000000, 0x0000000089100000, 0x0000000089100000|100%| O|  |TAMS 0x0000000089100000, 0x0000000089000000| Untracked 
|  57|0x0000000089100000, 0x0000000089200000, 0x0000000089200000|100%| O|  |TAMS 0x0000000089200000, 0x0000000089100000| Untracked 
|  58|0x0000000089200000, 0x0000000089300000, 0x0000000089300000|100%| O|  |TAMS 0x0000000089300000, 0x0000000089200000| Untracked 
|  59|0x0000000089300000, 0x0000000089400000, 0x0000000089400000|100%| O|  |TAMS 0x0000000089400000, 0x0000000089300000| Untracked 
|  60|0x0000000089400000, 0x0000000089500000, 0x0000000089500000|100%| O|  |TAMS 0x0000000089500000, 0x0000000089400000| Untracked 
|  61|0x0000000089500000, 0x0000000089600000, 0x0000000089600000|100%| O|  |TAMS 0x0000000089600000, 0x0000000089500000| Untracked 
|  62|0x0000000089600000, 0x0000000089700000, 0x0000000089700000|100%| O|  |TAMS 0x0000000089700000, 0x0000000089600000| Untracked 
|  63|0x0000000089700000, 0x0000000089800000, 0x0000000089800000|100%| O|  |TAMS 0x0000000089800000, 0x0000000089700000| Untracked 
|  64|0x0000000089800000, 0x0000000089900000, 0x0000000089900000|100%| O|  |TAMS 0x0000000089800000, 0x0000000089800000| Untracked 
|  65|0x0000000089900000, 0x0000000089a00000, 0x0000000089a00000|100%| O|  |TAMS 0x0000000089900000, 0x0000000089900000| Untracked 
|  66|0x0000000089a00000, 0x0000000089b00000, 0x0000000089b00000|100%| O|  |TAMS 0x0000000089a00000, 0x0000000089a00000| Untracked 
|  67|0x0000000089b00000, 0x0000000089c00000, 0x0000000089c00000|100%| O|  |TAMS 0x0000000089b00000, 0x0000000089b00000| Untracked 
|  68|0x0000000089c00000, 0x0000000089d00000, 0x0000000089d00000|100%| O|  |TAMS 0x0000000089c00000, 0x0000000089c00000| Untracked 
|  69|0x0000000089d00000, 0x0000000089e00000, 0x0000000089e00000|100%| O|  |TAMS 0x0000000089d00000, 0x0000000089d00000| Untracked 
|  70|0x0000000089e00000, 0x0000000089f00000, 0x0000000089f00000|100%| O|  |TAMS 0x0000000089e00000, 0x0000000089e00000| Untracked 
|  71|0x0000000089f00000, 0x000000008a000000, 0x000000008a000000|100%| O|  |TAMS 0x0000000089f00000, 0x0000000089f00000| Untracked 
|  72|0x000000008a000000, 0x000000008a100000, 0x000000008a100000|100%| O|  |TAMS 0x000000008a000000, 0x000000008a000000| Untracked 
|  73|0x000000008a100000, 0x000000008a200000, 0x000000008a200000|100%| O|  |TAMS 0x000000008a100000, 0x000000008a100000| Untracked 
|  74|0x000000008a200000, 0x000000008a300000, 0x000000008a300000|100%| O|  |TAMS 0x000000008a200000, 0x000000008a200000| Untracked 
|  75|0x000000008a300000, 0x000000008a400000, 0x000000008a400000|100%| O|  |TAMS 0x000000008a300000, 0x000000008a300000| Untracked 
|  76|0x000000008a400000, 0x000000008a500000, 0x000000008a500000|100%| O|  |TAMS 0x000000008a400000, 0x000000008a400000| Untracked 
|  77|0x000000008a500000, 0x000000008a600000, 0x000000008a600000|100%| O|  |TAMS 0x000000008a500000, 0x000000008a500000| Untracked 
|  78|0x000000008a600000, 0x000000008a700000, 0x000000008a700000|100%| O|  |TAMS 0x000000008a600000, 0x000000008a600000| Untracked 
|  79|0x000000008a700000, 0x000000008a799400, 0x000000008a800000| 59%| O|  |TAMS 0x000000008a700000, 0x000000008a700000| Untracked 
|  80|0x000000008a800000, 0x000000008a800000, 0x000000008a900000|  0%| F|  |TAMS 0x000000008a800000, 0x000000008a800000| Untracked 
|  81|0x000000008a900000, 0x000000008a900000, 0x000000008aa00000|  0%| F|  |TAMS 0x000000008a900000, 0x000000008a900000| Untracked 
|  82|0x000000008aa00000, 0x000000008aa00000, 0x000000008ab00000|  0%| F|  |TAMS 0x000000008aa00000, 0x000000008aa00000| Untracked 
|  83|0x000000008ab00000, 0x000000008ab00000, 0x000000008ac00000|  0%| F|  |TAMS 0x000000008ab00000, 0x000000008ab00000| Untracked 
|  84|0x000000008ac00000, 0x000000008ac00000, 0x000000008ad00000|  0%| F|  |TAMS 0x000000008ac00000, 0x000000008ac00000| Untracked 
|  85|0x000000008ad00000, 0x000000008ad00000, 0x000000008ae00000|  0%| F|  |TAMS 0x000000008ad00000, 0x000000008ad00000| Untracked 
|  86|0x000000008ae00000, 0x000000008ae00000, 0x000000008af00000|  0%| F|  |TAMS 0x000000008ae00000, 0x000000008ae00000| Untracked 
|  87|0x000000008af00000, 0x000000008af00000, 0x000000008b000000|  0%| F|  |TAMS 0x000000008af00000, 0x000000008af00000| Untracked 
|  88|0x000000008b000000, 0x000000008b000000, 0x000000008b100000|  0%| F|  |TAMS 0x000000008b000000, 0x000000008b000000| Untracked 
|  89|0x000000008b100000, 0x000000008b100000, 0x000000008b200000|  0%| F|  |TAMS 0x000000008b100000, 0x000000008b100000| Untracked 
|  90|0x000000008b200000, 0x000000008b200000, 0x000000008b300000|  0%| F|  |TAMS 0x000000008b200000, 0x000000008b200000| Untracked 
|  91|0x000000008b300000, 0x000000008b300000, 0x000000008b400000|  0%| F|  |TAMS 0x000000008b300000, 0x000000008b300000| Untracked 
|  92|0x000000008b400000, 0x000000008b400000, 0x000000008b500000|  0%| F|  |TAMS 0x000000008b400000, 0x000000008b400000| Untracked 
|  93|0x000000008b500000, 0x000000008b500000, 0x000000008b600000|  0%| F|  |TAMS 0x000000008b500000, 0x000000008b500000| Untracked 
|  94|0x000000008b600000, 0x000000008b600000, 0x000000008b700000|  0%| F|  |TAMS 0x000000008b600000, 0x000000008b600000| Untracked 
|  95|0x000000008b700000, 0x000000008b700000, 0x000000008b800000|  0%| F|  |TAMS 0x000000008b700000, 0x000000008b700000| Untracked 
|  96|0x000000008b800000, 0x000000008b800000, 0x000000008b900000|  0%| F|  |TAMS 0x000000008b800000, 0x000000008b800000| Untracked 
|  97|0x000000008b900000, 0x000000008b900000, 0x000000008ba00000|  0%| F|  |TAMS 0x000000008b900000, 0x000000008b900000| Untracked 
|  98|0x000000008ba00000, 0x000000008ba00000, 0x000000008bb00000|  0%| F|  |TAMS 0x000000008ba00000, 0x000000008ba00000| Untracked 
|  99|0x000000008bb00000, 0x000000008bc00000, 0x000000008bc00000|100%| S|CS|TAMS 0x000000008bb00000, 0x000000008bb00000| Complete 
| 100|0x000000008bc00000, 0x000000008bd00000, 0x000000008bd00000|100%| S|CS|TAMS 0x000000008bc00000, 0x000000008bc00000| Complete 
| 101|0x000000008bd00000, 0x000000008bd00000, 0x000000008be00000|  0%| F|  |TAMS 0x000000008bd00000, 0x000000008bd00000| Untracked 
| 102|0x000000008be00000, 0x000000008be00000, 0x000000008bf00000|  0%| F|  |TAMS 0x000000008be00000, 0x000000008be00000| Untracked 
| 103|0x000000008bf00000, 0x000000008bf00000, 0x000000008c000000|  0%| F|  |TAMS 0x000000008bf00000, 0x000000008bf00000| Untracked 
| 104|0x000000008c000000, 0x000000008c000000, 0x000000008c100000|  0%| F|  |TAMS 0x000000008c000000, 0x000000008c000000| Untracked 
| 105|0x000000008c100000, 0x000000008c100000, 0x000000008c200000|  0%| F|  |TAMS 0x000000008c100000, 0x000000008c100000| Untracked 
| 106|0x000000008c200000, 0x000000008c200000, 0x000000008c300000|  0%| F|  |TAMS 0x000000008c200000, 0x000000008c200000| Untracked 
| 107|0x000000008c300000, 0x000000008c300000, 0x000000008c400000|  0%| F|  |TAMS 0x000000008c300000, 0x000000008c300000| Untracked 
| 108|0x000000008c400000, 0x000000008c400000, 0x000000008c500000|  0%| F|  |TAMS 0x000000008c400000, 0x000000008c400000| Untracked 
| 109|0x000000008c500000, 0x000000008c500000, 0x000000008c600000|  0%| F|  |TAMS 0x000000008c500000, 0x000000008c500000| Untracked 
| 110|0x000000008c600000, 0x000000008c600000, 0x000000008c700000|  0%| F|  |TAMS 0x000000008c600000, 0x000000008c600000| Untracked 
| 111|0x000000008c700000, 0x000000008c700000, 0x000000008c800000|  0%| F|  |TAMS 0x000000008c700000, 0x000000008c700000| Untracked 
| 112|0x000000008c800000, 0x000000008c800000, 0x000000008c900000|  0%| F|  |TAMS 0x000000008c800000, 0x000000008c800000| Untracked 
| 113|0x000000008c900000, 0x000000008c900000, 0x000000008ca00000|  0%| F|  |TAMS 0x000000008c900000, 0x000000008c900000| Untracked 
| 114|0x000000008ca00000, 0x000000008ca00000, 0x000000008cb00000|  0%| F|  |TAMS 0x000000008ca00000, 0x000000008ca00000| Untracked 
| 115|0x000000008cb00000, 0x000000008cb00000, 0x000000008cc00000|  0%| F|  |TAMS 0x000000008cb00000, 0x000000008cb00000| Untracked 
| 116|0x000000008cc00000, 0x000000008cc00000, 0x000000008cd00000|  0%| F|  |TAMS 0x000000008cc00000, 0x000000008cc00000| Untracked 
| 117|0x000000008cd00000, 0x000000008cd00000, 0x000000008ce00000|  0%| F|  |TAMS 0x000000008cd00000, 0x000000008cd00000| Untracked 
| 118|0x000000008ce00000, 0x000000008ce00000, 0x000000008cf00000|  0%| F|  |TAMS 0x000000008ce00000, 0x000000008ce00000| Untracked 
| 119|0x000000008cf00000, 0x000000008cf00000, 0x000000008d000000|  0%| F|  |TAMS 0x000000008cf00000, 0x000000008cf00000| Untracked 
| 120|0x000000008d000000, 0x000000008d000000, 0x000000008d100000|  0%| F|  |TAMS 0x000000008d000000, 0x000000008d000000| Untracked 
| 121|0x000000008d100000, 0x000000008d100000, 0x000000008d200000|  0%| F|  |TAMS 0x000000008d100000, 0x000000008d100000| Untracked 
| 122|0x000000008d200000, 0x000000008d200000, 0x000000008d300000|  0%| F|  |TAMS 0x000000008d200000, 0x000000008d200000| Untracked 
| 123|0x000000008d300000, 0x000000008d300000, 0x000000008d400000|  0%| F|  |TAMS 0x000000008d300000, 0x000000008d300000| Untracked 

Card table byte_map: [0x0000018b77220000,0x0000018b77600000] _byte_map_base: 0x0000018b76df4000

Marking Bits (Prev, Next): (CMBitMap*) 0x0000018b6f2b49b0, (CMBitMap*) 0x0000018b6f2b4970
 Prev Bits: [0x0000018b79880000, 0x0000018b7b720000)
 Next Bits: [0x0000018b779e0000, 0x0000018b79880000)

Polling page: 0x0000018b6d3e0000

Metaspace:

Usage:
  Non-class:     47.99 MB used.
      Class:      6.11 MB used.
       Both:     54.09 MB used.

Virtual space:
  Non-class space:       64.00 MB reserved,      48.19 MB ( 75%) committed,  1 nodes.
      Class space:        1.00 GB reserved,       6.25 MB ( <1%) committed,  1 nodes.
             Both:        1.06 GB reserved,      54.44 MB (  5%) committed. 

Chunk freelists:
   Non-Class:  14.80 MB
       Class:  9.79 MB
        Both:  24.58 MB

MaxMetaspaceSize: unlimited
CompressedClassSpaceSize: 1.00 GB
Initial GC threshold: 21.00 MB
Current GC threshold: 88.75 MB
CDS: on
MetaspaceReclaimPolicy: balanced
 - commit_granule_bytes: 65536.
 - commit_granule_words: 8192.
 - virtual_space_node_default_size: 8388608.
 - enlarge_chunks_in_place: 1.
 - new_chunks_are_fully_committed: 0.
 - uncommit_free_chunks: 1.
 - use_allocation_guard: 0.
 - handle_deallocations: 1.


Internal statistics:

num_allocs_failed_limit: 6.
num_arena_births: 290.
num_arena_deaths: 0.
num_vsnodes_births: 2.
num_vsnodes_deaths: 0.
num_space_committed: 869.
num_space_uncommitted: 0.
num_chunks_returned_to_freelist: 6.
num_chunks_taken_from_freelist: 2221.
num_chunk_merges: 6.
num_chunk_splits: 1804.
num_chunks_enlarged: 1634.
num_inconsistent_stats: 0.

CodeHeap 'non-profiled nmethods': size=120000Kb used=5797Kb max_used=5797Kb free=114203Kb
 bounds [0x0000018b07ad0000, 0x0000018b08080000, 0x0000018b0f000000]
CodeHeap 'profiled nmethods': size=120000Kb used=31246Kb max_used=31246Kb free=88753Kb
 bounds [0x0000018b00000000, 0x0000018b01e90000, 0x0000018b07530000]
CodeHeap 'non-nmethods': size=5760Kb used=1366Kb max_used=1447Kb free=4393Kb
 bounds [0x0000018b07530000, 0x0000018b077a0000, 0x0000018b07ad0000]
 total_blobs=10107 nmethods=9436 adapters=581
 compilation: enabled
              stopped_count=0, restarted_count=0
 full_count=0

Compilation events (20 events):
Event: 48.023 Thread 0x0000018b7e141850 10634       3       org.jetbrains.kotlin.fir.declarations.DeclarationUtilsKt$$Lambda$726/0x0000018b10555048::invoke (16 bytes)
Event: 48.024 Thread 0x0000018b7e141850 nmethod 10634 0x0000018b01e7bf90 code [0x0000018b01e7c140, 0x0000018b01e7c388]
Event: 48.029 Thread 0x0000018b7e141850 10636       3       org.jetbrains.kotlin.fir.declarations.FirResolvedDeclarationStatus::accept (13 bytes)
Event: 48.030 Thread 0x0000018b7e141850 nmethod 10636 0x0000018b01e7c490 code [0x0000018b01e7c6a0, 0x0000018b01e7cd48]
Event: 48.030 Thread 0x0000018b7e141850 10637       3       org.jetbrains.kotlin.fir.visitors.FirVisitor::visitResolvedDeclarationStatus (17 bytes)
Event: 48.030 Thread 0x0000018b7e141850 nmethod 10637 0x0000018b01e7d010 code [0x0000018b01e7d240, 0x0000018b01e7d9e8]
Event: 48.035 Thread 0x0000018b7e141850 10638       3       org.jetbrains.kotlin.kotlinx.collections.immutable.implementations.immutableList.SmallPersistentVector::removeAll (168 bytes)
Event: 48.037 Thread 0x0000018b7e141850 nmethod 10638 0x0000018b01e7dc90 code [0x0000018b01e7e020, 0x0000018b01e7f768]
Event: 48.049 Thread 0x0000018b7e141850 10639       3       org.jetbrains.kotlin.fir.java.declarations.FirJavaTypeParameter::getVariance (4 bytes)
Event: 48.049 Thread 0x0000018b7e141850 nmethod 10639 0x0000018b01e80010 code [0x0000018b01e801a0, 0x0000018b01e802b8]
Event: 48.050 Thread 0x0000018b7e141850 10640       3       org.jetbrains.kotlin.fir.visitors.FirVisitor::visitResolvedTypeRef (17 bytes)
Event: 48.050 Thread 0x0000018b7e141850 nmethod 10640 0x0000018b01e80390 code [0x0000018b01e805a0, 0x0000018b01e80c48]
Event: 48.051 Thread 0x0000018b7e141850 10641       3       org.jetbrains.kotlin.fir.scopes.impl.FirClassSubstitutionScope$$Lambda$648/0x0000018b1053f710::invoke (16 bytes)
Event: 48.052 Thread 0x0000018b7e141850 nmethod 10641 0x0000018b01e80e90 code [0x0000018b01e810e0, 0x0000018b01e81ad8]
Event: 48.068 Thread 0x0000018b7e141850 10642       3       org.jetbrains.kotlin.fir.symbols.impl.FirCallableSymbol::getResolvedReturnTypeRef (24 bytes)
Event: 48.068 Thread 0x0000018b7e141850 nmethod 10642 0x0000018b01e81e10 code [0x0000018b01e82040, 0x0000018b01e828d8]
Event: 48.068 Thread 0x0000018b7e141850 10643       3       org.jetbrains.kotlin.fir.symbols.impl.FirCallableSymbol::calculateReturnType (63 bytes)
Event: 48.069 Thread 0x0000018b7e141850 nmethod 10643 0x0000018b01e82b90 code [0x0000018b01e82e00, 0x0000018b01e837a8]
Event: 48.069 Thread 0x0000018b7e141850 10644       1       org.jetbrains.kotlin.fir.expressions.impl.FirTypeOperatorCallImpl::getArgumentList (5 bytes)
Event: 48.069 Thread 0x0000018b7e141850 nmethod 10644 0x0000018b08079110 code [0x0000018b080792a0, 0x0000018b08079378]

GC Heap History (20 events):
Event: 28.404 GC heap after
{Heap after GC invocations=21 (full 0):
 garbage-first heap   total 97280K, used 58716K [0x0000000085800000, 0x0000000100000000)
  region size 1024K, 2 young (2048K), 2 survivors (2048K)
 Metaspace       used 49948K, committed 50240K, reserved 1114112K
  class space    used 5850K, committed 5952K, reserved 1048576K
}
Event: 28.809 GC heap before
{Heap before GC invocations=21 (full 0):
 garbage-first heap   total 97280K, used 60764K [0x0000000085800000, 0x0000000100000000)
  region size 1024K, 4 young (4096K), 2 survivors (2048K)
 Metaspace       used 50007K, committed 50304K, reserved 1114112K
  class space    used 5850K, committed 5952K, reserved 1048576K
}
Event: 28.822 GC heap after
{Heap after GC invocations=22 (full 0):
 garbage-first heap   total 97280K, used 58654K [0x0000000085800000, 0x0000000100000000)
  region size 1024K, 1 young (1024K), 1 survivors (1024K)
 Metaspace       used 50007K, committed 50304K, reserved 1114112K
  class space    used 5850K, committed 5952K, reserved 1048576K
}
Event: 31.251 GC heap before
{Heap before GC invocations=22 (full 0):
 garbage-first heap   total 97280K, used 75038K [0x0000000085800000, 0x0000000100000000)
  region size 1024K, 17 young (17408K), 1 survivors (1024K)
 Metaspace       used 51232K, committed 51520K, reserved 1114112K
  class space    used 5937K, committed 6080K, reserved 1048576K
}
Event: 31.269 GC heap after
{Heap after GC invocations=23 (full 0):
 garbage-first heap   total 116736K, used 60991K [0x0000000085800000, 0x0000000100000000)
  region size 1024K, 3 young (3072K), 3 survivors (3072K)
 Metaspace       used 51232K, committed 51520K, reserved 1114112K
  class space    used 5937K, committed 6080K, reserved 1048576K
}
Event: 35.805 GC heap before
{Heap before GC invocations=24 (full 0):
 garbage-first heap   total 116736K, used 87615K [0x0000000085800000, 0x0000000100000000)
  region size 1024K, 29 young (29696K), 3 survivors (3072K)
 Metaspace       used 53535K, committed 53824K, reserved 1114112K
  class space    used 6153K, committed 6272K, reserved 1048576K
}
Event: 35.832 GC heap after
{Heap after GC invocations=25 (full 0):
 garbage-first heap   total 116736K, used 64991K [0x0000000085800000, 0x0000000100000000)
  region size 1024K, 4 young (4096K), 4 survivors (4096K)
 Metaspace       used 53535K, committed 53824K, reserved 1114112K
  class space    used 6153K, committed 6272K, reserved 1048576K
}
Event: 35.950 GC heap before
{Heap before GC invocations=25 (full 0):
 garbage-first heap   total 116736K, used 66015K [0x0000000085800000, 0x0000000100000000)
  region size 1024K, 5 young (5120K), 4 survivors (4096K)
 Metaspace       used 53550K, committed 53824K, reserved 1114112K
  class space    used 6153K, committed 6272K, reserved 1048576K
}
Event: 35.966 GC heap after
{Heap after GC invocations=26 (full 0):
 garbage-first heap   total 116736K, used 65216K [0x0000000085800000, 0x0000000100000000)
  region size 1024K, 1 young (1024K), 1 survivors (1024K)
 Metaspace       used 53550K, committed 53824K, reserved 1114112K
  class space    used 6153K, committed 6272K, reserved 1048576K
}
Event: 39.396 GC heap before
{Heap before GC invocations=26 (full 0):
 garbage-first heap   total 116736K, used 89792K [0x0000000085800000, 0x0000000100000000)
  region size 1024K, 25 young (25600K), 1 survivors (1024K)
 Metaspace       used 54194K, committed 54528K, reserved 1114112K
  class space    used 6193K, committed 6336K, reserved 1048576K
}
Event: 39.409 GC heap after
{Heap after GC invocations=27 (full 0):
 garbage-first heap   total 116736K, used 67680K [0x0000000085800000, 0x0000000100000000)
  region size 1024K, 4 young (4096K), 4 survivors (4096K)
 Metaspace       used 54194K, committed 54528K, reserved 1114112K
  class space    used 6193K, committed 6336K, reserved 1048576K
}
Event: 41.647 GC heap before
{Heap before GC invocations=28 (full 0):
 garbage-first heap   total 117760K, used 91232K [0x0000000085800000, 0x0000000100000000)
  region size 1024K, 27 young (27648K), 4 survivors (4096K)
 Metaspace       used 54498K, committed 54784K, reserved 1114112K
  class space    used 6205K, committed 6336K, reserved 1048576K
}
Event: 41.673 GC heap after
{Heap after GC invocations=29 (full 0):
 garbage-first heap   total 117760K, used 72704K [0x0000000085800000, 0x0000000100000000)
  region size 1024K, 4 young (4096K), 4 survivors (4096K)
 Metaspace       used 54498K, committed 54784K, reserved 1114112K
  class space    used 6205K, committed 6336K, reserved 1048576K
}
Event: 41.709 GC heap before
{Heap before GC invocations=29 (full 0):
 garbage-first heap   total 117760K, used 73728K [0x0000000085800000, 0x0000000100000000)
  region size 1024K, 5 young (5120K), 4 survivors (4096K)
 Metaspace       used 54508K, committed 54784K, reserved 1114112K
  class space    used 6205K, committed 6336K, reserved 1048576K
}
Event: 41.725 GC heap after
{Heap after GC invocations=30 (full 0):
 garbage-first heap   total 117760K, used 73396K [0x0000000085800000, 0x0000000100000000)
  region size 1024K, 1 young (1024K), 1 survivors (1024K)
 Metaspace       used 54508K, committed 54784K, reserved 1114112K
  class space    used 6205K, committed 6336K, reserved 1048576K
}
Event: 44.149 GC heap before
{Heap before GC invocations=30 (full 0):
 garbage-first heap   total 117760K, used 93876K [0x0000000085800000, 0x0000000100000000)
  region size 1024K, 21 young (21504K), 1 survivors (1024K)
 Metaspace       used 54699K, committed 54976K, reserved 1114112K
  class space    used 6206K, committed 6336K, reserved 1048576K
}
Event: 44.166 GC heap after
{Heap after GC invocations=31 (full 0):
 garbage-first heap   total 117760K, used 77824K [0x0000000085800000, 0x0000000100000000)
  region size 1024K, 3 young (3072K), 3 survivors (3072K)
 Metaspace       used 54699K, committed 54976K, reserved 1114112K
  class space    used 6206K, committed 6336K, reserved 1048576K
}
Event: 46.035 GC heap before
{Heap before GC invocations=31 (full 0):
 garbage-first heap   total 117760K, used 95232K [0x0000000085800000, 0x0000000100000000)
  region size 1024K, 20 young (20480K), 3 survivors (3072K)
 Metaspace       used 55289K, committed 55616K, reserved 1114112K
  class space    used 6251K, committed 6400K, reserved 1048576K
}
Event: 46.056 GC heap after
{Heap after GC invocations=32 (full 0):
 garbage-first heap   total 117760K, used 81383K [0x0000000085800000, 0x0000000100000000)
  region size 1024K, 3 young (3072K), 3 survivors (3072K)
 Metaspace       used 55289K, committed 55616K, reserved 1114112K
  class space    used 6251K, committed 6400K, reserved 1048576K
}
Event: 48.078 GC heap before
{Heap before GC invocations=32 (full 0):
 garbage-first heap   total 117760K, used 95719K [0x0000000085800000, 0x0000000100000000)
  region size 1024K, 17 young (17408K), 3 survivors (3072K)
 Metaspace       used 55390K, committed 55744K, reserved 1114112K
  class space    used 6253K, committed 6400K, reserved 1048576K
}

Deoptimization events (20 events):
Event: 47.207 Thread 0x0000018b6f25bde0 Uncommon trap: trap_request=0xffffffc6 fr.pc=0x0000018b08021738 relative=0x0000000000002018
Event: 47.207 Thread 0x0000018b6f25bde0 Uncommon trap: reason=bimorphic_or_optimized_type_check action=maybe_recompile pc=0x0000018b08021738 method=org.jetbrains.kotlin.fir.scopes.impl.AbstractFirUseSiteMemberScope.processFunctionsByName(Lorg/jetbrains/kotlin/name/Name;Lkotlin/jvm/functions/Fun
Event: 47.207 Thread 0x0000018b6f25bde0 DEOPT PACKING pc=0x0000018b08021738 sp=0x0000007ce45f56a0
Event: 47.207 Thread 0x0000018b6f25bde0 DEOPT UNPACKING pc=0x0000018b07585ba3 sp=0x0000007ce45f5668 mode 2
Event: 47.883 Thread 0x0000018b6f25bde0 Uncommon trap: trap_request=0xffffffde fr.pc=0x0000018b07f4d068 relative=0x0000000000004e28
Event: 47.883 Thread 0x0000018b6f25bde0 Uncommon trap: reason=class_check action=maybe_recompile pc=0x0000018b07f4d068 method=org.jetbrains.kotlin.fir.resolve.substitution.AbstractConeSubstitutor.substituteOrNull(Lorg/jetbrains/kotlin/fir/types/ConeKotlinType;)Lorg/jetbrains/kotlin/fir/types/Co
Event: 47.883 Thread 0x0000018b6f25bde0 DEOPT PACKING pc=0x0000018b07f4d068 sp=0x0000007ce45f8b20
Event: 47.884 Thread 0x0000018b6f25bde0 DEOPT UNPACKING pc=0x0000018b07585ba3 sp=0x0000007ce45f8ac8 mode 2
Event: 47.894 Thread 0x0000018b6f25bde0 Uncommon trap: trap_request=0xffffffde fr.pc=0x0000018b07f4d260 relative=0x0000000000005020
Event: 47.894 Thread 0x0000018b6f25bde0 Uncommon trap: reason=class_check action=maybe_recompile pc=0x0000018b07f4d260 method=org.jetbrains.kotlin.fir.resolve.substitution.AbstractConeSubstitutor.substituteOrNull(Lorg/jetbrains/kotlin/fir/types/ConeKotlinType;)Lorg/jetbrains/kotlin/fir/types/Co
Event: 47.894 Thread 0x0000018b6f25bde0 DEOPT PACKING pc=0x0000018b07f4d260 sp=0x0000007ce45f8d10
Event: 47.894 Thread 0x0000018b6f25bde0 DEOPT UNPACKING pc=0x0000018b07585ba3 sp=0x0000007ce45f8cc0 mode 2
Event: 47.910 Thread 0x0000018b6f25bde0 Uncommon trap: trap_request=0xffffffde fr.pc=0x0000018b07f4d260 relative=0x0000000000005020
Event: 47.910 Thread 0x0000018b6f25bde0 Uncommon trap: reason=class_check action=maybe_recompile pc=0x0000018b07f4d260 method=org.jetbrains.kotlin.fir.resolve.substitution.AbstractConeSubstitutor.substituteOrNull(Lorg/jetbrains/kotlin/fir/types/ConeKotlinType;)Lorg/jetbrains/kotlin/fir/types/Co
Event: 47.910 Thread 0x0000018b6f25bde0 DEOPT PACKING pc=0x0000018b07f4d260 sp=0x0000007ce45f8f90
Event: 47.910 Thread 0x0000018b6f25bde0 DEOPT UNPACKING pc=0x0000018b07585ba3 sp=0x0000007ce45f8f40 mode 2
Event: 47.913 Thread 0x0000018b6f25bde0 Uncommon trap: trap_request=0xffffffde fr.pc=0x0000018b07f4d260 relative=0x0000000000005020
Event: 47.913 Thread 0x0000018b6f25bde0 Uncommon trap: reason=class_check action=maybe_recompile pc=0x0000018b07f4d260 method=org.jetbrains.kotlin.fir.resolve.substitution.AbstractConeSubstitutor.substituteOrNull(Lorg/jetbrains/kotlin/fir/types/ConeKotlinType;)Lorg/jetbrains/kotlin/fir/types/Co
Event: 47.913 Thread 0x0000018b6f25bde0 DEOPT PACKING pc=0x0000018b07f4d260 sp=0x0000007ce45f8cf0
Event: 47.913 Thread 0x0000018b6f25bde0 DEOPT UNPACKING pc=0x0000018b07585ba3 sp=0x0000007ce45f8ca0 mode 2

Classes unloaded (0 events):
No events

Classes redefined (0 events):
No events

Internal exceptions (20 events):
Event: 24.341 Thread 0x0000018b6f25bde0 Exception <a 'java/lang/NoSuchMethodError'{0x0000000089e9b320}: 'java.lang.Object java.lang.invoke.DirectMethodHandle$Holder.invokeStaticInit(java.lang.Object, java.lang.Object, java.lang.Object, java.lang.Object)'> (0x0000000089e9b320) 
thrown [s\open\src\hotspot\share\interpreter\linkResolver.cpp, line 759]
Event: 24.869 Thread 0x0000018b6f25bde0 Exception <a 'java/lang/NoSuchMethodError'{0x000000008b2ab138}: 'java.lang.Object java.lang.invoke.DirectMethodHandle$Holder.newInvokeSpecial(java.lang.Object, java.lang.Object, java.lang.Object, java.lang.Object, int, java.lang.Object, java.lang.Object)'> (0x000000008b2ab138) 
thrown [s\open\src\hotspot\share\interpreter\linkResolver.cpp, line 759]
Event: 24.870 Thread 0x0000018b6f25bde0 Exception <a 'java/lang/NoSuchMethodError'{0x000000008b2b4730}: 'java.lang.Object java.lang.invoke.Invokers$Holder.linkToTargetMethod(java.lang.Object, java.lang.Object, java.lang.Object, int, java.lang.Object, java.lang.Object, java.lang.Object)'> (0x000000008b2b4730) 
thrown [s\open\src\hotspot\share\interpreter\linkResolver.cpp, line 759]
Event: 25.197 Thread 0x0000018b6f25bde0 Exception <a 'java/lang/NoSuchMethodError'{0x000000008a127ab8}: 'java.lang.Object java.lang.invoke.DirectMethodHandle$Holder.invokeSpecial(java.lang.Object, java.lang.Object, int, java.lang.Object, java.lang.Object)'> (0x000000008a127ab8) 
thrown [s\open\src\hotspot\share\interpreter\linkResolver.cpp, line 759]
Event: 25.892 Thread 0x0000018b6f25bde0 Exception <a 'java/lang/NoSuchMethodError'{0x000000008d36fb90}: 'java.lang.Object java.lang.invoke.DirectMethodHandle$Holder.newInvokeSpecial(java.lang.Object, int, java.lang.Object)'> (0x000000008d36fb90) 
thrown [s\open\src\hotspot\share\interpreter\linkResolver.cpp, line 759]
Event: 27.547 Thread 0x0000018b6f25bde0 Exception <a 'java/lang/NoSuchMethodError'{0x000000008af9f630}: 'java.lang.Object java.lang.invoke.DirectMethodHandle$Holder.newInvokeSpecial(java.lang.Object, java.lang.Object, java.lang.Object, java.lang.Object, java.lang.Object, java.lang.Object, java.lang.Object, java.lang.Object, java.lang.Object)'> (0x000000008af9f630) 
thrown [s\open\src\hotspot\share\interpreter\linkResolver.cpp, line 759]
Event: 27.548 Thread 0x0000018b6f25bde0 Exception <a 'java/lang/NoSuchMethodError'{0x000000008afa5440}: 'java.lang.Object java.lang.invoke.DirectMethodHandle$Holder.invokeSpecial(java.lang.Object, java.lang.Object, java.lang.Object, java.lang.Object, java.lang.Object, java.lang.Object, java.lang.Object, java.lang.Object, java.lang.Object, java.lang.Object)'> (0x000000008afa5440) 
thrown [s\open\src\hotspot\share\interpreter\linkResolver.cpp, line 759]
Event: 27.548 Thread 0x0000018b6f25bde0 Exception <a 'java/lang/NoSuchMethodError'{0x000000008afaa200}: 'java.lang.Object java.lang.invoke.Invokers$Holder.linkToTargetMethod(java.lang.Object, java.lang.Object, java.lang.Object, java.lang.Object, java.lang.Object, java.lang.Object, java.lang.Object, java.lang.Object, java.lang.Object)'> (0x000000008afaa200) 
thrown [s\open\src\hotspot\share\interpreter\linkResolver.cpp, line 759]
Event: 29.872 Thread 0x0000018b6f25bde0 Exception <a 'java/lang/NoSuchMethodError'{0x000000008b2f8e88}: 'java.lang.Object java.lang.invoke.DirectMethodHandle$Holder.newInvokeSpecial(java.lang.Object, java.lang.Object, java.lang.Object, java.lang.Object, java.lang.Object, int)'> (0x000000008b2f8e88) 
thrown [s\open\src\hotspot\share\interpreter\linkResolver.cpp, line 759]
Event: 29.873 Thread 0x0000018b6f25bde0 Exception <a 'java/lang/NoSuchMethodError'{0x000000008b2fd840}: 'java.lang.Object java.lang.invoke.DirectMethodHandle$Holder.invokeSpecial(java.lang.Object, java.lang.Object, java.lang.Object, java.lang.Object, java.lang.Object, java.lang.Object, int)'> (0x000000008b2fd840) 
thrown [s\open\src\hotspot\share\interpreter\linkResolver.cpp, line 759]
Event: 29.874 Thread 0x0000018b6f25bde0 Exception <a 'java/lang/NoSuchMethodError'{0x000000008b102058}: 'java.lang.Object java.lang.invoke.Invokers$Holder.linkToTargetMethod(java.lang.Object, java.lang.Object, java.lang.Object, java.lang.Object, int, java.lang.Object)'> (0x000000008b102058) 
thrown [s\open\src\hotspot\share\interpreter\linkResolver.cpp, line 759]
Event: 29.928 Thread 0x0000018b6f25bde0 Exception <a 'java/lang/NoSuchMethodError'{0x000000008b1ac7a0}: 'java.lang.Object java.lang.invoke.DirectMethodHandle$Holder.invokeStatic(java.lang.Object, java.lang.Object, java.lang.Object, int, java.lang.Object, java.lang.Object)'> (0x000000008b1ac7a0) 
thrown [s\open\src\hotspot\share\interpreter\linkResolver.cpp, line 759]
Event: 29.935 Thread 0x0000018b6f25bde0 Exception <a 'java/lang/NoSuchMethodError'{0x000000008b1c5d80}: 'java.lang.Object java.lang.invoke.DirectMethodHandle$Holder.invokeStatic(java.lang.Object, int, java.lang.Object, java.lang.Object)'> (0x000000008b1c5d80) 
thrown [s\open\src\hotspot\share\interpreter\linkResolver.cpp, line 759]
Event: 31.415 Thread 0x0000018b6f25bde0 Exception <a 'java/lang/NoSuchMethodError'{0x000000008d3e3e90}: 'java.lang.Object java.lang.invoke.DirectMethodHandle$Holder.invokeStatic(java.lang.Object, int, java.lang.Object)'> (0x000000008d3e3e90) 
thrown [s\open\src\hotspot\share\interpreter\linkResolver.cpp, line 759]
Event: 33.333 Thread 0x0000018b6f25bde0 Implicit null exception at 0x0000018b07b83450 to 0x0000018b07b83558
Event: 36.455 Thread 0x0000018b6f25bde0 Exception <a 'java/lang/NoSuchMethodError'{0x000000008c751458}: 'java.lang.Object java.lang.invoke.DirectMethodHandle$Holder.newInvokeSpecial(java.lang.Object, java.lang.Object, java.lang.Object, java.lang.Object, java.lang.Object, java.lang.Object, int)'> (0x000000008c751458) 
thrown [s\open\src\hotspot\share\interpreter\linkResolver.cpp, line 759]
Event: 36.457 Thread 0x0000018b6f25bde0 Exception <a 'java/lang/NoSuchMethodError'{0x000000008c756ef0}: 'java.lang.Object java.lang.invoke.DirectMethodHandle$Holder.invokeSpecial(java.lang.Object, java.lang.Object, java.lang.Object, java.lang.Object, java.lang.Object, java.lang.Object, java.lang.Object, int)'> (0x000000008c756ef0) 
thrown [s\open\src\hotspot\share\interpreter\linkResolver.cpp, line 759]
Event: 37.071 Thread 0x0000018b6f25bde0 Implicit null exception at 0x0000018b07ce6539 to 0x0000018b07ce7e84
Event: 37.099 Thread 0x0000018b6f25bde0 Exception <a 'java/lang/NoSuchMethodError'{0x000000008c25c120}: 'java.lang.Object java.lang.invoke.DirectMethodHandle$Holder.newInvokeSpecial(java.lang.Object, int, java.lang.Object, java.lang.Object, java.lang.Object)'> (0x000000008c25c120) 
thrown [s\open\src\hotspot\share\interpreter\linkResolver.cpp, line 759]
Event: 37.100 Thread 0x0000018b6f25bde0 Exception <a 'java/lang/NoSuchMethodError'{0x000000008c264160}: 'java.lang.Object java.lang.invoke.Invokers$Holder.linkToTargetMethod(int, java.lang.Object, java.lang.Object, java.lang.Object, java.lang.Object)'> (0x000000008c264160) 
thrown [s\open\src\hotspot\share\interpreter\linkResolver.cpp, line 759]

VM Operations (20 events):
Event: 41.673 Executing VM operation: G1CollectForAllocation done
Event: 41.709 Executing VM operation: G1CollectForAllocation
Event: 41.725 Executing VM operation: G1CollectForAllocation done
Event: 42.743 Executing VM operation: Cleanup
Event: 42.813 Executing VM operation: Cleanup done
Event: 43.823 Executing VM operation: Cleanup
Event: 43.878 Executing VM operation: Cleanup done
Event: 44.149 Executing VM operation: G1CollectForAllocation
Event: 44.166 Executing VM operation: G1CollectForAllocation done
Event: 45.118 Executing VM operation: HandshakeAllThreads
Event: 45.118 Executing VM operation: HandshakeAllThreads done
Event: 45.726 Executing VM operation: HandshakeAllThreads
Event: 45.726 Executing VM operation: HandshakeAllThreads done
Event: 45.726 Executing VM operation: Cleanup
Event: 45.726 Executing VM operation: Cleanup done
Event: 46.035 Executing VM operation: G1CollectForAllocation
Event: 46.059 Executing VM operation: G1CollectForAllocation done
Event: 47.075 Executing VM operation: Cleanup
Event: 47.188 Executing VM operation: Cleanup done
Event: 48.077 Executing VM operation: G1CollectForAllocation

Events (20 events):
Event: 38.032 Thread 0x0000018b5a25e8f0 Thread exited: 0x0000018b5a25e8f0
Event: 38.227 Thread 0x0000018b5a25e8f0 Thread added: 0x0000018b5a25e8f0
Event: 38.360 Thread 0x0000018b5a25e8f0 Thread exited: 0x0000018b5a25e8f0
Event: 38.750 Thread 0x0000018b5a25e8f0 Thread added: 0x0000018b5a25e8f0
Event: 38.886 Thread 0x0000018b5a25e8f0 Thread exited: 0x0000018b5a25e8f0
Event: 39.429 Thread 0x0000018b5a25e8f0 Thread added: 0x0000018b5a25e8f0
Event: 39.857 Thread 0x0000018b5a25e8f0 Thread exited: 0x0000018b5a25e8f0
Event: 41.209 Thread 0x0000018b54a2ae40 Thread added: 0x0000018b54a2ae40
Event: 41.250 Thread 0x0000018b7e144ce0 flushing nmethod 0x0000018b07eeed10
Event: 41.251 Thread 0x0000018b7e144ce0 flushing nmethod 0x0000018b00138910
Event: 42.340 Thread 0x0000018b54a2ae40 Thread exited: 0x0000018b54a2ae40
Event: 42.703 Thread 0x0000018b54a2a8f0 Thread added: 0x0000018b54a2a8f0
Event: 44.167 Thread 0x0000018b54a2a8f0 Thread exited: 0x0000018b54a2a8f0
Event: 44.818 Thread 0x0000018b54a29e50 Thread added: 0x0000018b54a29e50
Event: 44.863 Thread 0x0000018b54a273d0 Thread added: 0x0000018b54a273d0
Event: 45.935 Thread 0x0000018b54a273d0 Thread exited: 0x0000018b54a273d0
Event: 45.936 Thread 0x0000018b54a29e50 Thread exited: 0x0000018b54a29e50
Event: 46.072 Thread 0x0000018b54a2a8f0 Thread added: 0x0000018b54a2a8f0
Event: 47.205 Thread 0x0000018b54a2a8f0 Thread exited: 0x0000018b54a2a8f0
Event: 47.558 Thread 0x0000018b54a2a8f0 Thread added: 0x0000018b54a2a8f0


Dynamic libraries:
0x00007ff6b1b30000 - 0x00007ff6b1b40000 	C:\Program Files\Java\jdk-17\bin\java.exe
0x00007ffefe160000 - 0x00007ffefe3c7000 	C:\WINDOWS\SYSTEM32\ntdll.dll
0x00007ffefc0f0000 - 0x00007ffefc1b9000 	C:\WINDOWS\System32\KERNEL32.DLL
0x00007ffefb6b0000 - 0x00007ffefbaa0000 	C:\WINDOWS\System32\KERNELBASE.dll
0x00007ffefb290000 - 0x00007ffefb3db000 	C:\WINDOWS\System32\ucrtbase.dll
0x00007ffed5840000 - 0x00007ffed5859000 	C:\Program Files\Java\jdk-17\bin\jli.dll
0x00007ffefddc0000 - 0x00007ffefde74000 	C:\WINDOWS\System32\ADVAPI32.dll
0x00007ffefde80000 - 0x00007ffefdf29000 	C:\WINDOWS\System32\msvcrt.dll
0x00007ffefc240000 - 0x00007ffefc2e6000 	C:\WINDOWS\System32\sechost.dll
0x00007ffefd070000 - 0x00007ffefd188000 	C:\WINDOWS\System32\RPCRT4.dll
0x00007ffec42a0000 - 0x00007ffec42bb000 	C:\Program Files\Java\jdk-17\bin\VCRUNTIME140.dll
0x00007ffedb1c0000 - 0x00007ffedb45a000 	C:\WINDOWS\WinSxS\amd64_microsoft.windows.common-controls_6595b64144ccf1df_6.0.26100.4768_none_3e0c112ce331287c\COMCTL32.dll
0x00007ffefcac0000 - 0x00007ffefcaeb000 	C:\WINDOWS\System32\GDI32.dll
0x00007ffefb520000 - 0x00007ffefb547000 	C:\WINDOWS\System32\win32u.dll
0x00007ffefbc30000 - 0x00007ffefbd68000 	C:\WINDOWS\System32\gdi32full.dll
0x00007ffefb3e0000 - 0x00007ffefb483000 	C:\WINDOWS\System32\msvcp_win.dll
0x00007ffefd370000 - 0x00007ffefd535000 	C:\WINDOWS\System32\USER32.dll
0x00007ffef1940000 - 0x00007ffef194b000 	C:\WINDOWS\SYSTEM32\VERSION.dll
0x00007ffefc1c0000 - 0x00007ffefc1ef000 	C:\WINDOWS\System32\IMM32.DLL
0x00007ffed5830000 - 0x00007ffed583c000 	C:\Program Files\Java\jdk-17\bin\vcruntime140_1.dll
0x00007ffe9d240000 - 0x00007ffe9d2ce000 	C:\Program Files\Java\jdk-17\bin\msvcp140.dll
0x00007ffe58710000 - 0x00007ffe592f0000 	C:\Program Files\Java\jdk-17\bin\server\jvm.dll
0x00007ffefc200000 - 0x00007ffefc208000 	C:\WINDOWS\System32\PSAPI.DLL
0x00007ffecfd20000 - 0x00007ffecfd2a000 	C:\WINDOWS\SYSTEM32\WSOCK32.dll
0x00007ffefe0a0000 - 0x00007ffefe114000 	C:\WINDOWS\System32\WS2_32.dll
0x00007ffeee610000 - 0x00007ffeee645000 	C:\WINDOWS\SYSTEM32\WINMM.dll
0x00007ffefa010000 - 0x00007ffefa02b000 	C:\WINDOWS\SYSTEM32\kernel.appcore.dll
0x00007ffeceb10000 - 0x00007ffeceb1a000 	C:\Program Files\Java\jdk-17\bin\jimage.dll
0x00007ffef8940000 - 0x00007ffef8b81000 	C:\WINDOWS\SYSTEM32\DBGHELP.DLL
0x00007ffefcce0000 - 0x00007ffefd065000 	C:\WINDOWS\System32\combase.dll
0x00007ffefdcd0000 - 0x00007ffefddb0000 	C:\WINDOWS\System32\OLEAUT32.dll
0x00007ffed8df0000 - 0x00007ffed8e33000 	C:\WINDOWS\SYSTEM32\dbgcore.DLL
0x00007ffefb550000 - 0x00007ffefb5e9000 	C:\WINDOWS\System32\bcryptPrimitives.dll
0x00007ffebc350000 - 0x00007ffebc375000 	C:\Program Files\Java\jdk-17\bin\java.dll
0x00007ffe967e0000 - 0x00007ffe968b7000 	C:\Program Files\Java\jdk-17\bin\jsvml.dll
0x00007ffefc2f0000 - 0x00007ffefca3d000 	C:\WINDOWS\System32\SHELL32.dll
0x00007ffefbab0000 - 0x00007ffefbc23000 	C:\WINDOWS\System32\wintypes.dll
0x00007ffef8e40000 - 0x00007ffef96a0000 	C:\WINDOWS\SYSTEM32\windows.storage.dll
0x00007ffefd5d0000 - 0x00007ffefd6c5000 	C:\WINDOWS\System32\SHCORE.dll
0x00007ffefbfa0000 - 0x00007ffefc00a000 	C:\WINDOWS\System32\shlwapi.dll
0x00007ffefb1b0000 - 0x00007ffefb1d9000 	C:\WINDOWS\SYSTEM32\profapi.dll
0x00007ffec1040000 - 0x00007ffec1059000 	C:\Program Files\Java\jdk-17\bin\net.dll
0x00007ffef2b60000 - 0x00007ffef2c7e000 	C:\WINDOWS\SYSTEM32\WINHTTP.dll
0x00007ffefa5a0000 - 0x00007ffefa60b000 	C:\WINDOWS\system32\mswsock.dll
0x00007ffec0f50000 - 0x00007ffec0f66000 	C:\Program Files\Java\jdk-17\bin\nio.dll
0x00007ffebeb10000 - 0x00007ffebeb28000 	C:\Program Files\Java\jdk-17\bin\zip.dll
0x00007ffeccea0000 - 0x00007ffecceb0000 	C:\Program Files\Java\jdk-17\bin\verify.dll

dbghelp: loaded successfully - version: 4.0.5 - missing functions: none
symbol engine: initialized successfully - sym options: 0x614 - pdb path: .;C:\Program Files\Java\jdk-17\bin;C:\WINDOWS\SYSTEM32;C:\WINDOWS\WinSxS\amd64_microsoft.windows.common-controls_6595b64144ccf1df_6.0.26100.4768_none_3e0c112ce331287c;C:\Program Files\Java\jdk-17\bin\server

VM Arguments:
java_command: org.jetbrains.kotlin.cli.jvm.K2JVMCompiler @C:\Users\RAHUL SINGH\Desktop\Fingaurd\node_modules\react-native-video\android\buildOutput_a15d4dee7fc4eda61b91308cbb6a2e72\20250819_15995825497121821404.compiler.options
java_class_path (initial): C:\Users\RAHUL SINGH\.gradle\caches\modules-2\files-2.1\org.jetbrains.kotlin\kotlin-compiler-embeddable\2.1.20\4ef56b3316798316bfac7a0ae443391c9e900ea1\kotlin-compiler-embeddable-2.1.20.jar;C:\Users\RAHUL SINGH\.gradle\caches\modules-2\files-2.1\org.jetbrains.kotlin\kotlin-stdlib\2.1.20\aa8ca79cd50578314f6d1180c47cbe14c0fee567\kotlin-stdlib-2.1.20.jar;C:\Users\RAHUL SINGH\.gradle\caches\modules-2\files-2.1\org.jetbrains.kotlin\kotlin-script-runtime\2.1.20\f7c623d7f7bdb01f5ccd6b437bc0a937fcd7c57e\kotlin-script-runtime-2.1.20.jar;C:\Users\RAHUL SINGH\.gradle\caches\modules-2\files-2.1\org.jetbrains.kotlin\kotlin-reflect\1.6.10\1cbe9c92c12a94eea200d23c2bbaedaf3daf5132\kotlin-reflect-1.6.10.jar;C:\Users\RAHUL SINGH\.gradle\caches\modules-2\files-2.1\org.jetbrains.kotlin\kotlin-daemon-embeddable\2.1.20\95670fce77befd02a70a0bc3abe8ee4533521334\kotlin-daemon-embeddable-2.1.20.jar;C:\Users\RAHUL SINGH\.gradle\caches\modules-2\files-2.1\org.jetbrains.intellij.deps\trove4j\1.0.20200330\3afb14d5f9ceb459d724e907a21145e8ff394f02\trove4j-1.0.20200330.jar;C:\Users\RAHUL SINGH\.gradle\caches\modules-2\files-2.1\org.jetbrains.kotlinx\kotlinx-coroutines-core-jvm\1.8.0\ac1dc37a30a93150b704022f8d895ee1bd3a36b3\kotlinx-coroutines-core-jvm-1.8.0.jar;C:\Users\RAHUL SINGH\.gradle\caches\modules-2\files-2.1\org.jetbrains\annotations\13.0\919f0dfe192fb4e063e7dacadee7f8bb9a2672a9\annotations-13.0.jar
Launcher Type: SUN_STANDARD

[Global flags]
     intx CICompilerCount                          = 4                                         {product} {ergonomic}
     uint ConcGCThreads                            = 2                                         {product} {ergonomic}
     uint G1ConcRefinementThreads                  = 8                                         {product} {ergonomic}
   size_t G1HeapRegionSize                         = 1048576                                   {product} {ergonomic}
    uintx GCDrainStackTargetSize                   = 64                                        {product} {ergonomic}
   size_t InitialHeapSize                          = 130023424                                 {product} {ergonomic}
   size_t MarkStackSize                            = 4194304                                   {product} {ergonomic}
   size_t MaxHeapSize                              = 2055208960                                {product} {ergonomic}
   size_t MaxNewSize                               = 1233125376                                {product} {ergonomic}
   size_t MinHeapDeltaBytes                        = 1048576                                   {product} {ergonomic}
   size_t MinHeapSize                              = 8388608                                   {product} {ergonomic}
    uintx NonNMethodCodeHeapSize                   = 5839372                                {pd product} {ergonomic}
    uintx NonProfiledCodeHeapSize                  = 122909434                              {pd product} {ergonomic}
    uintx ProfiledCodeHeapSize                     = 122909434                              {pd product} {ergonomic}
    uintx ReservedCodeCacheSize                    = 251658240                              {pd product} {ergonomic}
     bool SegmentedCodeCache                       = true                                      {product} {ergonomic}
   size_t SoftMaxHeapSize                          = 2055208960                             {manageable} {ergonomic}
     bool UseCompressedClassPointers               = true                           {product lp64_product} {ergonomic}
     bool UseCompressedOops                        = true                           {product lp64_product} {ergonomic}
     bool UseG1GC                                  = true                                      {product} {ergonomic}
     bool UseLargePagesIndividualAllocation        = false                                  {pd product} {ergonomic}

Logging:
Log output configuration:
 #0: stdout all=warning uptime,level,tags
 #1: stderr all=off uptime,level,tags

Environment Variables:
JAVA_HOME=C:\Program Files\Java\jdk-17
PATH=C:\Users\RAHUL SINGH\Desktop\Fingaurd\node_modules\.bin;C:\Users\RAHUL SINGH\Desktop\Fingaurd\node_modules\.bin;C:\Users\RAHUL SINGH\Desktop\node_modules\.bin;C:\Users\RAHUL SINGH\node_modules\.bin;C:\Users\node_modules\.bin;C:\node_modules\.bin;C:\Users\RAHUL SINGH\AppData\Roaming\npm\node_modules\npm\node_modules\@npmcli\run-script\lib\node-gyp-bin;C:\Program Files\PowerShell\7;C:\Program Files\Java\jdk-17;C:\Program Files\Java\jdk-17\bin;C:\Python313\Scripts\;C:\Python313\;C:\Program Files (x86)\VMware\VMware Player\bin\;C:\WINDOWS\system32;C:\WINDOWS;C:\WINDOWS\System32\Wbem;C:\WINDOWS\System32\WindowsPowerShell\v1.0\;C:\Program Files\Git\cmd;C:\MinGW\bin;C:\OrCAD\OrCAD_10.5\tools\PSpice\Library;C:\OrCAD\OrCAD_10.5\tools\bin;C:\OrCAD\OrCAD_10.5\tools\fet\bin;C:\OrCAD\OrCAD_10.5\tools\Capture;C:\Program Files\HP\HP One Agent;C:\Program Files\PowerShell\7\;C:\Users\RAHUL SINGH\AppData\Local\Programs\Python\Python312\Scripts\;C:\Users\RAHUL SINGH\AppData\Local\Programs\Python\Python312\;C:\Users\RAHUL SINGH\AppData\Local\Programs\Python\Launcher\;C:\Users\RAHUL SINGH\AppData\Local\Microsoft\WindowsApps;C:\Users\RAHUL SINGH\.dotnet\tools;C:\Users\RAHUL SINGH\AppData\Local\GitHubDesktop\bin;C:\Users\RAHUL SINGH\AppData\Local\Programs\Microsoft VS Code\bin;C:\WINDOWS\system32;C:\WINDOWS;C:\WINDOWS\System32\Wbem;C:\WINDOWS\System32\WindowsPowerShell\v1.0\;C:\WINDOWS\System32\OpenSSH\;C:\Program Files\nodejs\;C:\ProgramData\chocolatey\bin;C:\Users\RAHUL SINGH\AppData\Local\Android\Sdk;C:\Users\RAHUL SINGH\AppData\Local\Android\Sdk\build-tools;C:\Users\RAHUL SINGH\AppData\Local\Android\Sdk\platform-tools;C:\Users\RAHUL SINGH\AppData\Local\Android\Sdk\emulator;C:\Users\RAHUL SINGH\AppData\Local\Android\Sdk\tools;C:\Users\RAHUL SINGH\AppData\Local\Android\Sdk\tools\bin;C:\Users\RAHUL SINGH\AppData\Local\Android\Sdk\platform-tools;;C:\Program Files\Docker\Docker\resources\bin;C:\Users\RAHUL SINGH\AppData\Local\Programs\Python\Python312\Scripts\;C:\Users\RAHUL SINGH\AppDat
USERNAME=rahul
LANG=en_US.UTF-8
OS=Windows_NT
PROCESSOR_IDENTIFIER=Intel64 Family 6 Model 140 Stepping 1, GenuineIntel



---------------  S Y S T E M  ---------------

OS:
 Windows 11 , 64 bit Build 26100 (10.0.26100.4768)
OS uptime: 0 days 17:10 hours
Hyper-V role detected

CPU: total 8 (initial active 8) (4 cores per cpu, 2 threads per core) family 6 model 140 stepping 1 microcode 0xb4, cx8, cmov, fxsr, ht, mmx, 3dnowpref, sse, sse2, sse3, ssse3, sse4.1, sse4.2, popcnt, lzcnt, tsc, tscinvbit, avx, avx2, aes, erms, clmul, bmi1, bmi2, adx, avx512f, avx512dq, avx512cd, avx512bw, avx512vl, sha, fma, vzeroupper, avx512_vpopcntdq, avx512_vpclmulqdq, avx512_vaes, avx512_vnni, clflush, clflushopt, clwb, avx512_vbmi2, avx512_vbmi, hv

Memory: 4k page, system-wide physical 7834M (1116M free)
TotalPageFile size 31386M (AvailPageFile size 74M)
current process WorkingSet (physical memory assigned to process): 262M, peak: 283M
current process commit charge ("private bytes"): 349M, peak: 470M

vm_info: Java HotSpot(TM) 64-Bit Server VM (17.0.12+8-LTS-286) for windows-amd64 JRE (17.0.12+8-LTS-286), built on Jun  5 2024 06:46:59 by "mach5one" with MS VC++ 17.6 (VS2022)

END.
