#
# There is insufficient memory for the Java Runtime Environment to continue.
# Native memory allocation (mmap) failed to map 130023424 bytes for G1 virtual space
# Possible reasons:
#   The system is out of physical RAM or swap space
#   The process is running with CompressedOops enabled, and the Java Heap may be blocking the growth of the native heap
# Possible solutions:
#   Reduce memory load on the system
#   Increase physical memory or swap space
#   Check if swap backing store is full
#   Decrease Java heap size (-Xmx/-Xms)
#   Decrease number of Java threads
#   Decrease Java thread stack sizes (-Xss)
#   Set larger code cache with -XX:ReservedCodeCacheSize=
#   JVM is running with Unscaled Compressed Oops mode in which the Java heap is
#     placed in the first 4GB address space. The Java Heap base address is the
#     maximum limit for the native heap growth. Please use -XX:HeapBaseMinAddress
#     to set the Java Heap base and to place the Java Heap above 4GB virtual address.
# This output file may be truncated or incomplete.
#
#  Out of Memory Error (os_windows.cpp:3548), pid=28880, tid=10328
#
# JRE version:  (17.0.12+8) (build )
# Java VM: Java HotSpot(TM) 64-Bit Server VM (17.0.12+8-LTS-286, mixed mode, sharing, tiered, compressed oops, compressed class ptrs, g1 gc, windows-amd64)
# No core dump will be written. Minidumps are not enabled by default on client versions of Windows
#

---------------  S U M M A R Y ------------

Command Line: org.jetbrains.kotlin.cli.jvm.K2JVMCompiler @C:\Users\RAHUL SINGH\Desktop\Fingaurd\node_modules\react-native-gesture-handler\android\build\20250819_11462824171541459637.compiler.options

Host: 11th Gen Intel(R) Core(TM) i3-1125G4 @ 2.00GHz, 8 cores, 7G,  Windows 11 , 64 bit Build 26100 (10.0.26100.4768)
Time: Tue Aug 19 04:32:11 2025 India Standard Time elapsed time: 1.738567 seconds (0d 0h 0m 1s)

---------------  T H R E A D  ---------------

Current thread (0x0000026da07a6840):  JavaThread "Unknown thread" [_thread_in_vm, id=10328, stack(0x0000008724e00000,0x0000008724f00000)]

Stack: [0x0000008724e00000,0x0000008724f00000]
Native frames: (J=compiled Java code, j=interpreted, Vv=VM code, C=native code)
V  [jvm.dll+0x67a04a]
V  [jvm.dll+0x7da4ed]
V  [jvm.dll+0x7dbe33]
V  [jvm.dll+0x7dc4a3]
V  [jvm.dll+0x24508f]
V  [jvm.dll+0x677089]
V  [jvm.dll+0x66bd32]
V  [jvm.dll+0x301fa6]
V  [jvm.dll+0x309546]
V  [jvm.dll+0x359d2e]
V  [jvm.dll+0x359f5f]
V  [jvm.dll+0x2d9078]
V  [jvm.dll+0x2d9fe4]
V  [jvm.dll+0x7aca21]
V  [jvm.dll+0x367591]
V  [jvm.dll+0x78b999]
V  [jvm.dll+0x3ec83f]
V  [jvm.dll+0x3ee471]
C  [jli.dll+0x5297]
C  [ucrtbase.dll+0x37b0]
C  [KERNEL32.DLL+0x2e8d7]
C  [ntdll.dll+0x3c34c]


---------------  P R O C E S S  ---------------

Threads class SMR info:
_java_thread_list=0x00007ffe591c7a18, length=0, elements={
}

Java Threads: ( => current thread )

Other Threads:
  0x0000026da0801100 GCTaskThread "GC Thread#0" [stack: 0x0000008724f00000,0x0000008725000000] [id=20284]
  0x0000026da0813460 ConcurrentGCThread "G1 Main Marker" [stack: 0x0000008725000000,0x0000008725100000] [id=21860]
  0x0000026da0815d90 ConcurrentGCThread "G1 Conc#0" [stack: 0x0000008725100000,0x0000008725200000] [id=27168]

[error occurred during error reporting (printing all threads), id 0xc0000005, EXCEPTION_ACCESS_VIOLATION (0xc0000005) at pc=0x00007ffe589f9b67]

VM state: not at safepoint (not fully initialized)

VM Mutex/Monitor currently owned by a thread:  ([mutex/lock_event])
[0x0000026da07a2ec0] Heap_lock - owner thread: 0x0000026da07a6840

Heap address: 0x0000000085800000, size: 1960 MB, Compressed Oops mode: 32-bit

CDS archive(s) mapped at: [0x0000000000000000-0x0000000000000000-0x0000000000000000), size 0, SharedBaseAddress: 0x0000000800000000, ArchiveRelocationMode: 1.
Narrow klass base: 0x0000000000000000, Narrow klass shift: 0, Narrow klass range: 0x0

GC Precious Log:
<Empty>

Heap:
 garbage-first heap   total 0K, used 0K [0x0000000085800000, 0x0000000100000000)
  region size 1024K, 0 young (0K), 0 survivors (0K)

[error occurred during error reporting (printing heap information), id 0xc0000005, EXCEPTION_ACCESS_VIOLATION (0xc0000005) at pc=0x00007ffe58de3859]

GC Heap History (0 events):
No events

Deoptimization events (0 events):
No events

Classes unloaded (0 events):
No events

Classes redefined (0 events):
No events

Internal exceptions (0 events):
No events

VM Operations (0 events):
No events

Events (1 events):
Event: 0.656 Loaded shared library C:\Program Files\Java\jdk-17\bin\java.dll


Dynamic libraries:
0x00007ff6b1b30000 - 0x00007ff6b1b40000 	C:\Program Files\Java\jdk-17\bin\java.exe
0x00007ffefe160000 - 0x00007ffefe3c7000 	C:\WINDOWS\SYSTEM32\ntdll.dll
0x00007ffefc0f0000 - 0x00007ffefc1b9000 	C:\WINDOWS\System32\KERNEL32.DLL
0x00007ffefb6b0000 - 0x00007ffefbaa0000 	C:\WINDOWS\System32\KERNELBASE.dll
0x00007ffefb290000 - 0x00007ffefb3db000 	C:\WINDOWS\System32\ucrtbase.dll
0x00007ffed5840000 - 0x00007ffed5859000 	C:\Program Files\Java\jdk-17\bin\jli.dll
0x00007ffefddc0000 - 0x00007ffefde74000 	C:\WINDOWS\System32\ADVAPI32.dll
0x00007ffefde80000 - 0x00007ffefdf29000 	C:\WINDOWS\System32\msvcrt.dll
0x00007ffefc240000 - 0x00007ffefc2e6000 	C:\WINDOWS\System32\sechost.dll
0x00007ffefd070000 - 0x00007ffefd188000 	C:\WINDOWS\System32\RPCRT4.dll
0x00007ffefd370000 - 0x00007ffefd535000 	C:\WINDOWS\System32\USER32.dll
0x00007ffefb520000 - 0x00007ffefb547000 	C:\WINDOWS\System32\win32u.dll
0x00007ffefcac0000 - 0x00007ffefcaeb000 	C:\WINDOWS\System32\GDI32.dll
0x00007ffefbc30000 - 0x00007ffefbd68000 	C:\WINDOWS\System32\gdi32full.dll
0x00007ffefb3e0000 - 0x00007ffefb483000 	C:\WINDOWS\System32\msvcp_win.dll
0x00007ffec42a0000 - 0x00007ffec42bb000 	C:\Program Files\Java\jdk-17\bin\VCRUNTIME140.dll
0x00007ffedb1c0000 - 0x00007ffedb45a000 	C:\WINDOWS\WinSxS\amd64_microsoft.windows.common-controls_6595b64144ccf1df_6.0.26100.4768_none_3e0c112ce331287c\COMCTL32.dll
0x00007ffef1940000 - 0x00007ffef194b000 	C:\WINDOWS\SYSTEM32\VERSION.dll
0x00007ffefc1c0000 - 0x00007ffefc1ef000 	C:\WINDOWS\System32\IMM32.DLL
0x00007ffed5830000 - 0x00007ffed583c000 	C:\Program Files\Java\jdk-17\bin\vcruntime140_1.dll
0x00007ffe9d240000 - 0x00007ffe9d2ce000 	C:\Program Files\Java\jdk-17\bin\msvcp140.dll
0x00007ffe58710000 - 0x00007ffe592f0000 	C:\Program Files\Java\jdk-17\bin\server\jvm.dll
0x00007ffefc200000 - 0x00007ffefc208000 	C:\WINDOWS\System32\PSAPI.DLL
0x00007ffecfd20000 - 0x00007ffecfd2a000 	C:\WINDOWS\SYSTEM32\WSOCK32.dll
0x00007ffefe0a0000 - 0x00007ffefe114000 	C:\WINDOWS\System32\WS2_32.dll
0x00007ffeee610000 - 0x00007ffeee645000 	C:\WINDOWS\SYSTEM32\WINMM.dll
0x00007ffefa010000 - 0x00007ffefa02b000 	C:\WINDOWS\SYSTEM32\kernel.appcore.dll
0x00007ffeceb10000 - 0x00007ffeceb1a000 	C:\Program Files\Java\jdk-17\bin\jimage.dll
0x00007ffef8940000 - 0x00007ffef8b81000 	C:\WINDOWS\SYSTEM32\DBGHELP.DLL
0x00007ffefcce0000 - 0x00007ffefd065000 	C:\WINDOWS\System32\combase.dll
0x00007ffefdcd0000 - 0x00007ffefddb0000 	C:\WINDOWS\System32\OLEAUT32.dll
0x00007ffed8df0000 - 0x00007ffed8e33000 	C:\WINDOWS\SYSTEM32\dbgcore.DLL
0x00007ffefb550000 - 0x00007ffefb5e9000 	C:\WINDOWS\System32\bcryptPrimitives.dll
0x00007ffebc350000 - 0x00007ffebc375000 	C:\Program Files\Java\jdk-17\bin\java.dll

dbghelp: loaded successfully - version: 4.0.5 - missing functions: none
symbol engine: initialized successfully - sym options: 0x614 - pdb path: .;C:\Program Files\Java\jdk-17\bin;C:\WINDOWS\SYSTEM32;C:\WINDOWS\WinSxS\amd64_microsoft.windows.common-controls_6595b64144ccf1df_6.0.26100.4768_none_3e0c112ce331287c;C:\Program Files\Java\jdk-17\bin\server

VM Arguments:
java_command: org.jetbrains.kotlin.cli.jvm.K2JVMCompiler @C:\Users\RAHUL SINGH\Desktop\Fingaurd\node_modules\react-native-gesture-handler\android\build\20250819_11462824171541459637.compiler.options
java_class_path (initial): C:\Users\RAHUL SINGH\.gradle\caches\modules-2\files-2.1\org.jetbrains.kotlin\kotlin-compiler-embeddable\2.1.20\4ef56b3316798316bfac7a0ae443391c9e900ea1\kotlin-compiler-embeddable-2.1.20.jar;C:\Users\RAHUL SINGH\.gradle\caches\modules-2\files-2.1\org.jetbrains.kotlin\kotlin-stdlib\2.1.20\aa8ca79cd50578314f6d1180c47cbe14c0fee567\kotlin-stdlib-2.1.20.jar;C:\Users\RAHUL SINGH\.gradle\caches\modules-2\files-2.1\org.jetbrains.kotlin\kotlin-script-runtime\2.1.20\f7c623d7f7bdb01f5ccd6b437bc0a937fcd7c57e\kotlin-script-runtime-2.1.20.jar;C:\Users\RAHUL SINGH\.gradle\caches\modules-2\files-2.1\org.jetbrains.kotlin\kotlin-reflect\1.6.10\1cbe9c92c12a94eea200d23c2bbaedaf3daf5132\kotlin-reflect-1.6.10.jar;C:\Users\RAHUL SINGH\.gradle\caches\modules-2\files-2.1\org.jetbrains.kotlin\kotlin-daemon-embeddable\2.1.20\95670fce77befd02a70a0bc3abe8ee4533521334\kotlin-daemon-embeddable-2.1.20.jar;C:\Users\RAHUL SINGH\.gradle\caches\modules-2\files-2.1\org.jetbrains.intellij.deps\trove4j\1.0.20200330\3afb14d5f9ceb459d724e907a21145e8ff394f02\trove4j-1.0.20200330.jar;C:\Users\RAHUL SINGH\.gradle\caches\modules-2\files-2.1\org.jetbrains.kotlinx\kotlinx-coroutines-core-jvm\1.8.0\ac1dc37a30a93150b704022f8d895ee1bd3a36b3\kotlinx-coroutines-core-jvm-1.8.0.jar;C:\Users\RAHUL SINGH\.gradle\caches\modules-2\files-2.1\org.jetbrains\annotations\13.0\919f0dfe192fb4e063e7dacadee7f8bb9a2672a9\annotations-13.0.jar
Launcher Type: SUN_STANDARD

[Global flags]
     intx CICompilerCount                          = 4                                         {product} {ergonomic}
     uint ConcGCThreads                            = 2                                         {product} {ergonomic}
     uint G1ConcRefinementThreads                  = 8                                         {product} {ergonomic}
   size_t G1HeapRegionSize                         = 1048576                                   {product} {ergonomic}
    uintx GCDrainStackTargetSize                   = 64                                        {product} {ergonomic}
   size_t InitialHeapSize                          = 130023424                                 {product} {ergonomic}
   size_t MarkStackSize                            = 4194304                                   {product} {ergonomic}
   size_t MaxHeapSize                              = 2055208960                                {product} {ergonomic}
   size_t MinHeapDeltaBytes                        = 1048576                                   {product} {ergonomic}
   size_t MinHeapSize                              = 8388608                                   {product} {ergonomic}
    uintx NonNMethodCodeHeapSize                   = 5839372                                {pd product} {ergonomic}
    uintx NonProfiledCodeHeapSize                  = 122909434                              {pd product} {ergonomic}
    uintx ProfiledCodeHeapSize                     = 122909434                              {pd product} {ergonomic}
    uintx ReservedCodeCacheSize                    = 251658240                              {pd product} {ergonomic}
     bool SegmentedCodeCache                       = true                                      {product} {ergonomic}
   size_t SoftMaxHeapSize                          = 2055208960                             {manageable} {ergonomic}
     bool UseCompressedClassPointers               = true                           {product lp64_product} {ergonomic}
     bool UseCompressedOops                        = true                           {product lp64_product} {ergonomic}
     bool UseG1GC                                  = true                                      {product} {ergonomic}
     bool UseLargePagesIndividualAllocation        = false                                  {pd product} {ergonomic}

Logging:
Log output configuration:
 #0: stdout all=warning uptime,level,tags
 #1: stderr all=off uptime,level,tags

Environment Variables:
JAVA_HOME=C:\Program Files\Java\jdk-17
PATH=C:\Users\RAHUL SINGH\Desktop\Fingaurd\node_modules\.bin;C:\Users\RAHUL SINGH\Desktop\Fingaurd\node_modules\.bin;C:\Users\RAHUL SINGH\Desktop\node_modules\.bin;C:\Users\RAHUL SINGH\node_modules\.bin;C:\Users\node_modules\.bin;C:\node_modules\.bin;C:\Users\RAHUL SINGH\AppData\Roaming\npm\node_modules\npm\node_modules\@npmcli\run-script\lib\node-gyp-bin;C:\Program Files\PowerShell\7;C:\Program Files\Java\jdk-17;C:\Program Files\Java\jdk-17\bin;C:\Python313\Scripts\;C:\Python313\;C:\Program Files (x86)\VMware\VMware Player\bin\;C:\WINDOWS\system32;C:\WINDOWS;C:\WINDOWS\System32\Wbem;C:\WINDOWS\System32\WindowsPowerShell\v1.0\;C:\Program Files\Git\cmd;C:\MinGW\bin;C:\OrCAD\OrCAD_10.5\tools\PSpice\Library;C:\OrCAD\OrCAD_10.5\tools\bin;C:\OrCAD\OrCAD_10.5\tools\fet\bin;C:\OrCAD\OrCAD_10.5\tools\Capture;C:\Program Files\HP\HP One Agent;C:\Program Files\PowerShell\7\;C:\Users\RAHUL SINGH\AppData\Local\Programs\Python\Python312\Scripts\;C:\Users\RAHUL SINGH\AppData\Local\Programs\Python\Python312\;C:\Users\RAHUL SINGH\AppData\Local\Programs\Python\Launcher\;C:\Users\RAHUL SINGH\AppData\Local\Microsoft\WindowsApps;C:\Users\RAHUL SINGH\.dotnet\tools;C:\Users\RAHUL SINGH\AppData\Local\GitHubDesktop\bin;C:\Users\RAHUL SINGH\AppData\Local\Programs\Microsoft VS Code\bin;C:\WINDOWS\system32;C:\WINDOWS;C:\WINDOWS\System32\Wbem;C:\WINDOWS\System32\WindowsPowerShell\v1.0\;C:\WINDOWS\System32\OpenSSH\;C:\Program Files\nodejs\;C:\ProgramData\chocolatey\bin;C:\Users\RAHUL SINGH\AppData\Local\Android\Sdk;C:\Users\RAHUL SINGH\AppData\Local\Android\Sdk\build-tools;C:\Users\RAHUL SINGH\AppData\Local\Android\Sdk\platform-tools;C:\Users\RAHUL SINGH\AppData\Local\Android\Sdk\emulator;C:\Users\RAHUL SINGH\AppData\Local\Android\Sdk\tools;C:\Users\RAHUL SINGH\AppData\Local\Android\Sdk\tools\bin;C:\Users\RAHUL SINGH\AppData\Local\Android\Sdk\platform-tools;;C:\Program Files\Docker\Docker\resources\bin;C:\Users\RAHUL SINGH\AppData\Local\Programs\Python\Python312\Scripts\;C:\Users\RAHUL SINGH\AppDat
USERNAME=rahul
LANG=en_US.UTF-8
OS=Windows_NT
PROCESSOR_IDENTIFIER=Intel64 Family 6 Model 140 Stepping 1, GenuineIntel



---------------  S Y S T E M  ---------------

OS:
 Windows 11 , 64 bit Build 26100 (10.0.26100.4768)
OS uptime: 0 days 17:09 hours
Hyper-V role detected

CPU: total 8 (initial active 8) (4 cores per cpu, 2 threads per core) family 6 model 140 stepping 1 microcode 0xb4, cx8, cmov, fxsr, ht, mmx, 3dnowpref, sse, sse2, sse3, ssse3, sse4.1, sse4.2, popcnt, lzcnt, tsc, tscinvbit, avx, avx2, aes, erms, clmul, bmi1, bmi2, adx, avx512f, avx512dq, avx512cd, avx512bw, avx512vl, sha, fma, vzeroupper, avx512_vpopcntdq, avx512_vpclmulqdq, avx512_vaes, avx512_vnni, clflush, clflushopt, clwb, avx512_vbmi2, avx512_vbmi, hv

Memory: 4k page, system-wide physical 7834M (337M free)
TotalPageFile size 31386M (AvailPageFile size 4M)
current process WorkingSet (physical memory assigned to process): 11M, peak: 11M
current process commit charge ("private bytes"): 60M, peak: 184M

vm_info: Java HotSpot(TM) 64-Bit Server VM (17.0.12+8-LTS-286) for windows-amd64 JRE (17.0.12+8-LTS-286), built on Jun  5 2024 06:46:59 by "mach5one" with MS VC++ 17.6 (VS2022)

END.
